<?xml version="1.0" encoding="UTF-8"?>
<testsuite xmlns:xsi="http://www.w3.org/2001/XMLSchema-instance" xsi:noNamespaceSchemaLocation="https://maven.apache.org/surefire/maven-surefire-plugin/xsd/surefire-test-report.xsd" name="com.ldmzw.demo.logback.test.MTest" time="1.318" tests="2" errors="0" skipped="0" failures="0">
  <properties>
    <property name="sun.desktop" value="windows"/>
    <property name="awt.toolkit" value="sun.awt.windows.WToolkit"/>
    <property name="java.specification.version" value="11"/>
    <property name="sun.cpu.isalist" value="amd64"/>
    <property name="sun.jnu.encoding" value="GBK"/>
    <property name="java.class.path" value="D:\victor\git\study\hexo\source\_posts\log-logback\code\target\test-classes;D:\victor\git\study\hexo\source\_posts\log-logback\code\target\classes;D:\victor\mvn\org\springframework\boot\spring-boot-starter-web\2.6.4\spring-boot-starter-web-2.6.4.jar;D:\victor\mvn\org\springframework\boot\spring-boot-starter\2.6.4\spring-boot-starter-2.6.4.jar;D:\victor\mvn\org\springframework\boot\spring-boot\2.6.4\spring-boot-2.6.4.jar;D:\victor\mvn\org\springframework\boot\spring-boot-autoconfigure\2.6.4\spring-boot-autoconfigure-2.6.4.jar;D:\victor\mvn\org\springframework\boot\spring-boot-starter-logging\2.6.4\spring-boot-starter-logging-2.6.4.jar;D:\victor\mvn\org\apache\logging\log4j\log4j-to-slf4j\2.17.1\log4j-to-slf4j-2.17.1.jar;D:\victor\mvn\org\apache\logging\log4j\log4j-api\2.17.1\log4j-api-2.17.1.jar;D:\victor\mvn\org\slf4j\jul-to-slf4j\1.7.36\jul-to-slf4j-1.7.36.jar;D:\victor\mvn\jakarta\annotation\jakarta.annotation-api\1.3.5\jakarta.annotation-api-1.3.5.jar;D:\victor\mvn\org\yaml\snakeyaml\1.29\snakeyaml-1.29.jar;D:\victor\mvn\org\springframework\boot\spring-boot-starter-json\2.6.4\spring-boot-starter-json-2.6.4.jar;D:\victor\mvn\com\fasterxml\jackson\core\jackson-databind\2.13.1\jackson-databind-2.13.1.jar;D:\victor\mvn\com\fasterxml\jackson\core\jackson-annotations\2.13.1\jackson-annotations-2.13.1.jar;D:\victor\mvn\com\fasterxml\jackson\core\jackson-core\2.13.1\jackson-core-2.13.1.jar;D:\victor\mvn\com\fasterxml\jackson\datatype\jackson-datatype-jdk8\2.13.1\jackson-datatype-jdk8-2.13.1.jar;D:\victor\mvn\com\fasterxml\jackson\datatype\jackson-datatype-jsr310\2.13.1\jackson-datatype-jsr310-2.13.1.jar;D:\victor\mvn\com\fasterxml\jackson\module\jackson-module-parameter-names\2.13.1\jackson-module-parameter-names-2.13.1.jar;D:\victor\mvn\org\springframework\boot\spring-boot-starter-tomcat\2.6.4\spring-boot-starter-tomcat-2.6.4.jar;D:\victor\mvn\org\apache\tomcat\embed\tomcat-embed-core\9.0.58\tomcat-embed-core-9.0.58.jar;D:\victor\mvn\org\apache\tomcat\embed\tomcat-embed-el\9.0.58\tomcat-embed-el-9.0.58.jar;D:\victor\mvn\org\apache\tomcat\embed\tomcat-embed-websocket\9.0.58\tomcat-embed-websocket-9.0.58.jar;D:\victor\mvn\org\springframework\spring-web\5.3.16\spring-web-5.3.16.jar;D:\victor\mvn\org\springframework\spring-beans\5.3.16\spring-beans-5.3.16.jar;D:\victor\mvn\org\springframework\spring-webmvc\5.3.16\spring-webmvc-5.3.16.jar;D:\victor\mvn\org\springframework\spring-aop\5.3.16\spring-aop-5.3.16.jar;D:\victor\mvn\org\springframework\spring-context\5.3.16\spring-context-5.3.16.jar;D:\victor\mvn\org\springframework\spring-expression\5.3.16\spring-expression-5.3.16.jar;D:\victor\mvn\ch\qos\logback\logback-classic\1.2.11\logback-classic-1.2.11.jar;D:\victor\mvn\ch\qos\logback\logback-core\1.2.11\logback-core-1.2.11.jar;D:\victor\mvn\org\slf4j\slf4j-api\1.7.36\slf4j-api-1.7.36.jar;D:\victor\mvn\org\projectlombok\lombok\1.18.22\lombok-1.18.22.jar;D:\victor\mvn\org\springframework\boot\spring-boot-starter-test\2.6.4\spring-boot-starter-test-2.6.4.jar;D:\victor\mvn\org\springframework\boot\spring-boot-test\2.6.4\spring-boot-test-2.6.4.jar;D:\victor\mvn\org\springframework\boot\spring-boot-test-autoconfigure\2.6.4\spring-boot-test-autoconfigure-2.6.4.jar;D:\victor\mvn\com\jayway\jsonpath\json-path\2.6.0\json-path-2.6.0.jar;D:\victor\mvn\net\minidev\json-smart\2.4.8\json-smart-2.4.8.jar;D:\victor\mvn\net\minidev\accessors-smart\2.4.8\accessors-smart-2.4.8.jar;D:\victor\mvn\org\ow2\asm\asm\9.1\asm-9.1.jar;D:\victor\mvn\jakarta\xml\bind\jakarta.xml.bind-api\2.3.3\jakarta.xml.bind-api-2.3.3.jar;D:\victor\mvn\jakarta\activation\jakarta.activation-api\1.2.2\jakarta.activation-api-1.2.2.jar;D:\victor\mvn\org\assertj\assertj-core\3.21.0\assertj-core-3.21.0.jar;D:\victor\mvn\org\hamcrest\hamcrest\2.2\hamcrest-2.2.jar;D:\victor\mvn\org\junit\jupiter\junit-jupiter\5.8.2\junit-jupiter-5.8.2.jar;D:\victor\mvn\org\junit\jupiter\junit-jupiter-api\5.8.2\junit-jupiter-api-5.8.2.jar;D:\victor\mvn\org\opentest4j\opentest4j\1.2.0\opentest4j-1.2.0.jar;D:\victor\mvn\org\junit\platform\junit-platform-commons\1.8.2\junit-platform-commons-1.8.2.jar;D:\victor\mvn\org\apiguardian\apiguardian-api\1.1.2\apiguardian-api-1.1.2.jar;D:\victor\mvn\org\junit\jupiter\junit-jupiter-params\5.8.2\junit-jupiter-params-5.8.2.jar;D:\victor\mvn\org\junit\jupiter\junit-jupiter-engine\5.8.2\junit-jupiter-engine-5.8.2.jar;D:\victor\mvn\org\junit\platform\junit-platform-engine\1.8.2\junit-platform-engine-1.8.2.jar;D:\victor\mvn\org\mockito\mockito-core\4.0.0\mockito-core-4.0.0.jar;D:\victor\mvn\net\bytebuddy\byte-buddy\1.11.22\byte-buddy-1.11.22.jar;D:\victor\mvn\net\bytebuddy\byte-buddy-agent\1.11.22\byte-buddy-agent-1.11.22.jar;D:\victor\mvn\org\objenesis\objenesis\3.2\objenesis-3.2.jar;D:\victor\mvn\org\mockito\mockito-junit-jupiter\4.0.0\mockito-junit-jupiter-4.0.0.jar;D:\victor\mvn\org\skyscreamer\jsonassert\1.5.0\jsonassert-1.5.0.jar;D:\victor\mvn\com\vaadin\external\google\android-json\0.0.20131108.vaadin1\android-json-0.0.20131108.vaadin1.jar;D:\victor\mvn\org\springframework\spring-core\5.3.16\spring-core-5.3.16.jar;D:\victor\mvn\org\springframework\spring-jcl\5.3.16\spring-jcl-5.3.16.jar;D:\victor\mvn\org\springframework\spring-test\5.3.16\spring-test-5.3.16.jar;D:\victor\mvn\org\xmlunit\xmlunit-core\2.8.4\xmlunit-core-2.8.4.jar;D:\victor\mvn\commons-logging\commons-logging-api\1.1\commons-logging-api-1.1.jar;D:\victor\mvn\commons-logging\commons-logging\1.1.1\commons-logging-1.1.1.jar;"/>
    <property name="java.vm.vendor" value="Oracle Corporation"/>
    <property name="sun.arch.data.model" value="64"/>
    <property name="user.variant" value=""/>
    <property name="java.vendor.url" value="https://openjdk.java.net/"/>
    <property name="user.timezone" value="Asia/Shanghai"/>
    <property name="java.vm.specification.version" value="11"/>
    <property name="os.name" value="Windows 7"/>
    <property name="sun.java.launcher" value="SUN_STANDARD"/>
    <property name="user.country" value="CN"/>
    <property name="sun.boot.library.path" value="D:\victor\work\jdk-11.0.8_windows-x64_bin\bin"/>
    <property name="sun.java.command" value="C:\Users\ADMINI~1\AppData\Local\Temp\surefire2223931315578070975\surefirebooter6817059944641213889.jar C:\Users\Administrator\AppData\Local\Temp\surefire2223931315578070975 2022-03-15T09-29-18_243-jvmRun1 surefire10262142519869850927tmp surefire_013990812979498147537tmp"/>
    <property name="jdk.debug" value="release"/>
    <property name="surefire.test.class.path" value="D:\victor\git\study\hexo\source\_posts\log-logback\code\target\test-classes;D:\victor\git\study\hexo\source\_posts\log-logback\code\target\classes;D:\victor\mvn\org\springframework\boot\spring-boot-starter-web\2.6.4\spring-boot-starter-web-2.6.4.jar;D:\victor\mvn\org\springframework\boot\spring-boot-starter\2.6.4\spring-boot-starter-2.6.4.jar;D:\victor\mvn\org\springframework\boot\spring-boot\2.6.4\spring-boot-2.6.4.jar;D:\victor\mvn\org\springframework\boot\spring-boot-autoconfigure\2.6.4\spring-boot-autoconfigure-2.6.4.jar;D:\victor\mvn\org\springframework\boot\spring-boot-starter-logging\2.6.4\spring-boot-starter-logging-2.6.4.jar;D:\victor\mvn\org\apache\logging\log4j\log4j-to-slf4j\2.17.1\log4j-to-slf4j-2.17.1.jar;D:\victor\mvn\org\apache\logging\log4j\log4j-api\2.17.1\log4j-api-2.17.1.jar;D:\victor\mvn\org\slf4j\jul-to-slf4j\1.7.36\jul-to-slf4j-1.7.36.jar;D:\victor\mvn\jakarta\annotation\jakarta.annotation-api\1.3.5\jakarta.annotation-api-1.3.5.jar;D:\victor\mvn\org\yaml\snakeyaml\1.29\snakeyaml-1.29.jar;D:\victor\mvn\org\springframework\boot\spring-boot-starter-json\2.6.4\spring-boot-starter-json-2.6.4.jar;D:\victor\mvn\com\fasterxml\jackson\core\jackson-databind\2.13.1\jackson-databind-2.13.1.jar;D:\victor\mvn\com\fasterxml\jackson\core\jackson-annotations\2.13.1\jackson-annotations-2.13.1.jar;D:\victor\mvn\com\fasterxml\jackson\core\jackson-core\2.13.1\jackson-core-2.13.1.jar;D:\victor\mvn\com\fasterxml\jackson\datatype\jackson-datatype-jdk8\2.13.1\jackson-datatype-jdk8-2.13.1.jar;D:\victor\mvn\com\fasterxml\jackson\datatype\jackson-datatype-jsr310\2.13.1\jackson-datatype-jsr310-2.13.1.jar;D:\victor\mvn\com\fasterxml\jackson\module\jackson-module-parameter-names\2.13.1\jackson-module-parameter-names-2.13.1.jar;D:\victor\mvn\org\springframework\boot\spring-boot-starter-tomcat\2.6.4\spring-boot-starter-tomcat-2.6.4.jar;D:\victor\mvn\org\apache\tomcat\embed\tomcat-embed-core\9.0.58\tomcat-embed-core-9.0.58.jar;D:\victor\mvn\org\apache\tomcat\embed\tomcat-embed-el\9.0.58\tomcat-embed-el-9.0.58.jar;D:\victor\mvn\org\apache\tomcat\embed\tomcat-embed-websocket\9.0.58\tomcat-embed-websocket-9.0.58.jar;D:\victor\mvn\org\springframework\spring-web\5.3.16\spring-web-5.3.16.jar;D:\victor\mvn\org\springframework\spring-beans\5.3.16\spring-beans-5.3.16.jar;D:\victor\mvn\org\springframework\spring-webmvc\5.3.16\spring-webmvc-5.3.16.jar;D:\victor\mvn\org\springframework\spring-aop\5.3.16\spring-aop-5.3.16.jar;D:\victor\mvn\org\springframework\spring-context\5.3.16\spring-context-5.3.16.jar;D:\victor\mvn\org\springframework\spring-expression\5.3.16\spring-expression-5.3.16.jar;D:\victor\mvn\ch\qos\logback\logback-classic\1.2.11\logback-classic-1.2.11.jar;D:\victor\mvn\ch\qos\logback\logback-core\1.2.11\logback-core-1.2.11.jar;D:\victor\mvn\org\slf4j\slf4j-api\1.7.36\slf4j-api-1.7.36.jar;D:\victor\mvn\org\projectlombok\lombok\1.18.22\lombok-1.18.22.jar;D:\victor\mvn\org\springframework\boot\spring-boot-starter-test\2.6.4\spring-boot-starter-test-2.6.4.jar;D:\victor\mvn\org\springframework\boot\spring-boot-test\2.6.4\spring-boot-test-2.6.4.jar;D:\victor\mvn\org\springframework\boot\spring-boot-test-autoconfigure\2.6.4\spring-boot-test-autoconfigure-2.6.4.jar;D:\victor\mvn\com\jayway\jsonpath\json-path\2.6.0\json-path-2.6.0.jar;D:\victor\mvn\net\minidev\json-smart\2.4.8\json-smart-2.4.8.jar;D:\victor\mvn\net\minidev\accessors-smart\2.4.8\accessors-smart-2.4.8.jar;D:\victor\mvn\org\ow2\asm\asm\9.1\asm-9.1.jar;D:\victor\mvn\jakarta\xml\bind\jakarta.xml.bind-api\2.3.3\jakarta.xml.bind-api-2.3.3.jar;D:\victor\mvn\jakarta\activation\jakarta.activation-api\1.2.2\jakarta.activation-api-1.2.2.jar;D:\victor\mvn\org\assertj\assertj-core\3.21.0\assertj-core-3.21.0.jar;D:\victor\mvn\org\hamcrest\hamcrest\2.2\hamcrest-2.2.jar;D:\victor\mvn\org\junit\jupiter\junit-jupiter\5.8.2\junit-jupiter-5.8.2.jar;D:\victor\mvn\org\junit\jupiter\junit-jupiter-api\5.8.2\junit-jupiter-api-5.8.2.jar;D:\victor\mvn\org\opentest4j\opentest4j\1.2.0\opentest4j-1.2.0.jar;D:\victor\mvn\org\junit\platform\junit-platform-commons\1.8.2\junit-platform-commons-1.8.2.jar;D:\victor\mvn\org\apiguardian\apiguardian-api\1.1.2\apiguardian-api-1.1.2.jar;D:\victor\mvn\org\junit\jupiter\junit-jupiter-params\5.8.2\junit-jupiter-params-5.8.2.jar;D:\victor\mvn\org\junit\jupiter\junit-jupiter-engine\5.8.2\junit-jupiter-engine-5.8.2.jar;D:\victor\mvn\org\junit\platform\junit-platform-engine\1.8.2\junit-platform-engine-1.8.2.jar;D:\victor\mvn\org\mockito\mockito-core\4.0.0\mockito-core-4.0.0.jar;D:\victor\mvn\net\bytebuddy\byte-buddy\1.11.22\byte-buddy-1.11.22.jar;D:\victor\mvn\net\bytebuddy\byte-buddy-agent\1.11.22\byte-buddy-agent-1.11.22.jar;D:\victor\mvn\org\objenesis\objenesis\3.2\objenesis-3.2.jar;D:\victor\mvn\org\mockito\mockito-junit-jupiter\4.0.0\mockito-junit-jupiter-4.0.0.jar;D:\victor\mvn\org\skyscreamer\jsonassert\1.5.0\jsonassert-1.5.0.jar;D:\victor\mvn\com\vaadin\external\google\android-json\0.0.20131108.vaadin1\android-json-0.0.20131108.vaadin1.jar;D:\victor\mvn\org\springframework\spring-core\5.3.16\spring-core-5.3.16.jar;D:\victor\mvn\org\springframework\spring-jcl\5.3.16\spring-jcl-5.3.16.jar;D:\victor\mvn\org\springframework\spring-test\5.3.16\spring-test-5.3.16.jar;D:\victor\mvn\org\xmlunit\xmlunit-core\2.8.4\xmlunit-core-2.8.4.jar;D:\victor\mvn\commons-logging\commons-logging-api\1.1\commons-logging-api-1.1.jar;D:\victor\mvn\commons-logging\commons-logging\1.1.1\commons-logging-1.1.1.jar;"/>
    <property name="sun.cpu.endian" value="little"/>
    <property name="user.home" value="C:\Users\Administrator"/>
    <property name="user.language" value="zh"/>
    <property name="java.specification.vendor" value="Oracle Corporation"/>
    <property name="java.version.date" value="2020-07-14"/>
    <property name="java.home" value="D:\victor\work\jdk-11.0.8_windows-x64_bin"/>
    <property name="file.separator" value="\"/>
    <property name="basedir" value="D:\victor\git\study\hexo\source\_posts\log-logback\code"/>
    <property name="java.vm.compressedOopsMode" value="32-bit"/>
    <property name="line.separator" value="&#10;"/>
    <property name="java.specification.name" value="Java Platform API Specification"/>
    <property name="java.vm.specification.vendor" value="Oracle Corporation"/>
    <property name="java.awt.graphicsenv" value="sun.awt.Win32GraphicsEnvironment"/>
    <property name="surefire.real.class.path" value="C:\Users\ADMINI~1\AppData\Local\Temp\surefire2223931315578070975\surefirebooter6817059944641213889.jar"/>
    <property name="user.script" value=""/>
    <property name="sun.management.compiler" value="HotSpot 64-Bit Tiered Compilers"/>
    <property name="java.runtime.version" value="11.0.8+10-LTS"/>
    <property name="user.name" value="Administrator"/>
    <property name="path.separator" value=";"/>
    <property name="os.version" value="6.1"/>
    <property name="java.runtime.name" value="Java(TM) SE Runtime Environment"/>
    <property name="file.encoding" value="GBK"/>
    <property name="java.vm.name" value="Java HotSpot(TM) 64-Bit Server VM"/>
    <property name="java.vendor.version" value="18.9"/>
    <property name="localRepository" value="D:\victor\mvn"/>
    <property name="java.vendor.url.bug" value="https://bugreport.java.com/bugreport/"/>
    <property name="java.io.tmpdir" value="C:\Users\ADMINI~1\AppData\Local\Temp\"/>
    <property name="java.version" value="11.0.8"/>
    <property name="user.dir" value="D:\victor\git\study\hexo\source\_posts\log-logback\code"/>
    <property name="os.arch" value="amd64"/>
    <property name="java.vm.specification.name" value="Java Virtual Machine Specification"/>
    <property name="java.awt.printerjob" value="sun.awt.windows.WPrinterJob"/>
    <property name="sun.os.patch.level" value="Service Pack 1"/>
    <property name="java.library.path" value="D:\victor\work\jdk-11.0.8_windows-x64_bin\bin;C:\Windows\Sun\Java\bin;C:\Windows\system32;C:\Windows;D:\Program Files\VanDyke Software\Clients\;C:\Windows\system32;C:\Windows;C:\Windows\System32\Wbem;D:\Program Files\HashiCorp\Vagrant\bin;D:\Program Files\TortoiseGit\bin;C:\Windows\System32\WindowsPowerShell\v1.0\;C:\Program Files (x86)\Common Files\Thunder Network\KanKan\Codecs;C:\Windows\System32\WindowsPowerShell\v1.0\;.;D:\victor\work\jdk-11.0.8_windows-x64_bin\bin;D:\victor\work\jdk-11.0.8_windows-x64_bin\jre\bin;D:\victor\work\go1.17.2.windows-amd64\bin;D:\victor\work\gopath\bin;D:\victor\tools\curl-7.72.0_3-win64-mingw\bin;D:\victor\work\postgresql-12.4-1-windows-x64-binaries\bin;D:\victor\work\apache-groovy-sdk-3.0.6\bin;D:\victor\work\make-3.81-bin\bin;D:\victor\work\python38;D:\victor\work\python38\Scripts;D:\victor\work\x86_64-8.1.0-release-posix-seh-rt_v6-rev0\mingw64\bin;D:\victor\work\apache-maven-3.5.2-bin\bin;D:\victor\work\kafka_2.13-2.7.0\bin\windows;D:\victor\work\Redis-x64-3.0.504;D:\victor\work\node-v14.17.3-win-x64;D:\victor\work\node/module;D:\victor\work\apache-zookeeper-3.7.0-bin\bin;D:\victor\work\etcd-v3.5.0-windows-amd64;D:\victor\tools\smartgit-portable-21_1_1\git\;D:\victor\tools\smartgit-portable-21_1_1\git\\bin;D:\victor\work\mysql-8.0.16-winx64\bin;D:\victor\work\chromedriver_win32;C:\Program Files\erl-24.2\bin;D:\victor\work\rabbitmq-server-windows-3.9.13/sbin;;."/>
    <property name="java.vendor" value="Oracle Corporation"/>
    <property name="java.vm.info" value="mixed mode"/>
    <property name="java.vm.version" value="11.0.8+10-LTS"/>
    <property name="sun.io.unicode.encoding" value="UnicodeLittle"/>
    <property name="java.class.version" value="55.0"/>
  </properties>
  <testcase name="test1" classname="com.ldmzw.demo.logback.test.MTest" time="1.046"/>
  <testcase name="test2" classname="com.ldmzw.demo.logback.test.MTest" time="0.266"/>
</testsuite>